<?xml version="1.0" encoding="UTF-8"?>
<testsuite name="Crear una nota de texto enriquecido con letra en negrita" tests="1" skipped="0" failures="1" errors="0" timestamp="2023-03-30T16:05:17" hostname="LAPTOP-MUKU1ITQ" time="12.814">
  <properties/>
  <testcase name="Crear una nota de texto enriquecido con letra en negrita" classname="Crear una nota de texto enriquecido con letra en negrita" time="12.814">
    <failure message="java.lang.AssertionError: &#10;Expected: is &lt;true&gt;&#10;     but: was &lt;false&gt;" type="java.lang.AssertionError">java.lang.AssertionError: 
Expected: is &lt;true&gt;
     but: was &lt;false&gt;
	at net.serenitybdd.screenplay.ErrorTally.throwSummaryExceptionFrom(ErrorTally.java:36)
	at net.serenitybdd.screenplay.ErrorTally.reportAnyErrors(ErrorTally.java:30)
	at net.serenitybdd.screenplay.Actor.should(Actor.java:301)
	at co.com.devco.stepdefinitions.NuevaNotaStepDefinitions.yoVeoUnaNotaEnNegrilla(NuevaNotaStepDefinitions.java:43)
	at ✽.Yo veo una nota en negrilla(src/test/resources/features/nuevanota.feature:12)
</failure>
  </testcase>
  <system-out><![CDATA[]]></system-out>
  <system-err><![CDATA[mar 30, 2023 11:05:17 AM org.openqa.selenium.remote.DesiredCapabilities chrome
INFORMACIÓN: Using `new ChromeOptions()` is preferred to `DesiredCapabilities.chrome()`
Starting ChromeDriver 111.0.5563.64 (c710e93d5b63b7095afe8c2c17df34408078439d-refs/branch-heads/5563@{#995}) on port 64424
Only local connections are allowed.
Please see https://chromedriver.chromium.org/security-considerations for suggestions on keeping ChromeDriver safe.
ChromeDriver was started successfully.
mar 30, 2023 11:05:19 AM org.openqa.selenium.remote.ProtocolHandshake createSession
INFORMACIÓN: Detected dialect: W3C
]]></system-err>
</testsuite>
