<?xml version="1.0" encoding="UTF-8"?>
<testsuite name="co.com.devco.runners.NuevaNotaRunner" tests="0" skipped="0" failures="0" errors="0" timestamp="1970-01-01T00:00:00" hostname="LAPTOP-MUKU1ITQ" time="0.0">
  <properties/>
  <system-out><![CDATA[
?[31mFailed scenarios:?[0m
?[31msrc/test/resources/features/nuevanota.feature:10 ?[0m# Crear una nota de texto enriquecido con letra en negrita

1 Scenarios (?[31m1 failed?[0m)
3 Steps (?[31m1 failed?[0m, ?[32m2 passed?[0m)
0m13,027s

java.lang.AssertionError: 
Expected: is <true>
     but: was <false>
	at net.serenitybdd.screenplay.ErrorTally.throwSummaryExceptionFrom(ErrorTally.java:36)
	at net.serenitybdd.screenplay.ErrorTally.reportAnyErrors(ErrorTally.java:30)
	at net.serenitybdd.screenplay.Actor.should(Actor.java:301)
	at co.com.devco.stepdefinitions.NuevaNotaStepDefinitions.yoVeoUnaNotaEnNegrilla(NuevaNotaStepDefinitions.java:43)
	at ?.Yo veo una nota en negrilla(src/test/resources/features/nuevanota.feature:12)

]]></system-out>
  <system-err><![CDATA[SLF4J: Failed to load class "org.slf4j.impl.StaticLoggerBinder".
SLF4J: Defaulting to no-operation (NOP) logger implementation
SLF4J: See http://www.slf4j.org/codes.html#StaticLoggerBinder for further details.
]]></system-err>
</testsuite>
